The system is: Darwin - 14.5.0 - x86_64
Compiling the C compiler identification source file "CMakeCCompilerId.c" succeeded.
Compiler: /Applications/Xcode.app/Contents/Developer/Toolchains/XcodeDefault.xctoolchain/usr/bin/cc 
Build flags: 
Id flags: 

The output was:
0


Compilation of the C compiler identification source "CMakeCCompilerId.c" produced "a.out"

The C compiler identification is AppleClang, found in "/Users/Ye-Macbook/Documents/Development/cs488/project/shared/glfw-3.1.1/CMakeFiles/3.4.0/CompilerIdC/a.out"

Determining if the C compiler works passed with the following output:
Change Dir: /Users/Ye-Macbook/Documents/Development/cs488/project/shared/glfw-3.1.1/CMakeFiles/CMakeTmp

Run Build Command:"/usr/bin/make" "cmTC_2c1da/fast"
/Applications/Xcode.app/Contents/Developer/usr/bin/make -f CMakeFiles/cmTC_2c1da.dir/build.make CMakeFiles/cmTC_2c1da.dir/build
Building C object CMakeFiles/cmTC_2c1da.dir/testCCompiler.c.o
/Applications/Xcode.app/Contents/Developer/Toolchains/XcodeDefault.xctoolchain/usr/bin/cc     -o CMakeFiles/cmTC_2c1da.dir/testCCompiler.c.o   -c /Users/Ye-Macbook/Documents/Development/cs488/project/shared/glfw-3.1.1/CMakeFiles/CMakeTmp/testCCompiler.c
Linking C executable cmTC_2c1da
/opt/local/bin/cmake -E cmake_link_script CMakeFiles/cmTC_2c1da.dir/link.txt --verbose=1
/Applications/Xcode.app/Contents/Developer/Toolchains/XcodeDefault.xctoolchain/usr/bin/cc    -Wl,-search_paths_first -Wl,-headerpad_max_install_names   CMakeFiles/cmTC_2c1da.dir/testCCompiler.c.o  -o cmTC_2c1da  


Detecting C compiler ABI info compiled with the following output:
Change Dir: /Users/Ye-Macbook/Documents/Development/cs488/project/shared/glfw-3.1.1/CMakeFiles/CMakeTmp

Run Build Command:"/usr/bin/make" "cmTC_8436e/fast"
/Applications/Xcode.app/Contents/Developer/usr/bin/make -f CMakeFiles/cmTC_8436e.dir/build.make CMakeFiles/cmTC_8436e.dir/build
Building C object CMakeFiles/cmTC_8436e.dir/CMakeCCompilerABI.c.o
/Applications/Xcode.app/Contents/Developer/Toolchains/XcodeDefault.xctoolchain/usr/bin/cc     -o CMakeFiles/cmTC_8436e.dir/CMakeCCompilerABI.c.o   -c /opt/local/share/cmake-3.4/Modules/CMakeCCompilerABI.c
Linking C executable cmTC_8436e
/opt/local/bin/cmake -E cmake_link_script CMakeFiles/cmTC_8436e.dir/link.txt --verbose=1
/Applications/Xcode.app/Contents/Developer/Toolchains/XcodeDefault.xctoolchain/usr/bin/cc    -Wl,-search_paths_first -Wl,-headerpad_max_install_names  -v -Wl,-v CMakeFiles/cmTC_8436e.dir/CMakeCCompilerABI.c.o  -o cmTC_8436e   
Apple LLVM version 7.0.0 (clang-700.0.72)
Target: x86_64-apple-darwin14.5.0
Thread model: posix
 "/Applications/Xcode.app/Contents/Developer/Toolchains/XcodeDefault.xctoolchain/usr/bin/ld" -demangle -dynamic -arch x86_64 -macosx_version_min 10.10.0 -o cmTC_8436e -search_paths_first -headerpad_max_install_names -v CMakeFiles/cmTC_8436e.dir/CMakeCCompilerABI.c.o -lSystem /Applications/Xcode.app/Contents/Developer/Toolchains/XcodeDefault.xctoolchain/usr/bin/../lib/clang/7.0.0/lib/darwin/libclang_rt.osx.a
@(#)PROGRAM:ld  PROJECT:ld64-253.3.3
configured to support archs: armv6 armv7 armv7s arm64 i386 x86_64 x86_64h armv6m armv7k armv7m armv7em
Library search paths:
	/usr/lib
	/usr/local/lib
Framework search paths:
	/Library/Frameworks/
	/System/Library/Frameworks/


Parsed C implicit link information from above output:
  link line regex: [^( *|.*[/\])(ld|([^/\]+-)?ld|collect2)[^/\]*( |$)]
  ignore line: [Change Dir: /Users/Ye-Macbook/Documents/Development/cs488/project/shared/glfw-3.1.1/CMakeFiles/CMakeTmp]
  ignore line: []
  ignore line: [Run Build Command:"/usr/bin/make" "cmTC_8436e/fast"]
  ignore line: [/Applications/Xcode.app/Contents/Developer/usr/bin/make -f CMakeFiles/cmTC_8436e.dir/build.make CMakeFiles/cmTC_8436e.dir/build]
  ignore line: [Building C object CMakeFiles/cmTC_8436e.dir/CMakeCCompilerABI.c.o]
  ignore line: [/Applications/Xcode.app/Contents/Developer/Toolchains/XcodeDefault.xctoolchain/usr/bin/cc     -o CMakeFiles/cmTC_8436e.dir/CMakeCCompilerABI.c.o   -c /opt/local/share/cmake-3.4/Modules/CMakeCCompilerABI.c]
  ignore line: [Linking C executable cmTC_8436e]
  ignore line: [/opt/local/bin/cmake -E cmake_link_script CMakeFiles/cmTC_8436e.dir/link.txt --verbose=1]
  ignore line: [/Applications/Xcode.app/Contents/Developer/Toolchains/XcodeDefault.xctoolchain/usr/bin/cc    -Wl,-search_paths_first -Wl,-headerpad_max_install_names  -v -Wl,-v CMakeFiles/cmTC_8436e.dir/CMakeCCompilerABI.c.o  -o cmTC_8436e   ]
  ignore line: [Apple LLVM version 7.0.0 (clang-700.0.72)]
  ignore line: [Target: x86_64-apple-darwin14.5.0]
  ignore line: [Thread model: posix]
  link line: [ "/Applications/Xcode.app/Contents/Developer/Toolchains/XcodeDefault.xctoolchain/usr/bin/ld" -demangle -dynamic -arch x86_64 -macosx_version_min 10.10.0 -o cmTC_8436e -search_paths_first -headerpad_max_install_names -v CMakeFiles/cmTC_8436e.dir/CMakeCCompilerABI.c.o -lSystem /Applications/Xcode.app/Contents/Developer/Toolchains/XcodeDefault.xctoolchain/usr/bin/../lib/clang/7.0.0/lib/darwin/libclang_rt.osx.a]
    arg [/Applications/Xcode.app/Contents/Developer/Toolchains/XcodeDefault.xctoolchain/usr/bin/ld] ==> ignore
    arg [-demangle] ==> ignore
    arg [-dynamic] ==> ignore
    arg [-arch] ==> ignore
    arg [x86_64] ==> ignore
    arg [-macosx_version_min] ==> ignore
    arg [10.10.0] ==> ignore
    arg [-o] ==> ignore
    arg [cmTC_8436e] ==> ignore
    arg [-search_paths_first] ==> ignore
    arg [-headerpad_max_install_names] ==> ignore
    arg [-v] ==> ignore
    arg [CMakeFiles/cmTC_8436e.dir/CMakeCCompilerABI.c.o] ==> ignore
    arg [-lSystem] ==> lib [System]
    arg [/Applications/Xcode.app/Contents/Developer/Toolchains/XcodeDefault.xctoolchain/usr/bin/../lib/clang/7.0.0/lib/darwin/libclang_rt.osx.a] ==> lib [/Applications/Xcode.app/Contents/Developer/Toolchains/XcodeDefault.xctoolchain/usr/bin/../lib/clang/7.0.0/lib/darwin/libclang_rt.osx.a]
  Library search paths: [;/usr/lib;/usr/local/lib]
  Framework search paths: [;/Library/Frameworks/;/System/Library/Frameworks/]
  remove lib [System]
  collapse lib [/Applications/Xcode.app/Contents/Developer/Toolchains/XcodeDefault.xctoolchain/usr/bin/../lib/clang/7.0.0/lib/darwin/libclang_rt.osx.a] ==> [/Applications/Xcode.app/Contents/Developer/Toolchains/XcodeDefault.xctoolchain/usr/lib/clang/7.0.0/lib/darwin/libclang_rt.osx.a]
  collapse library dir [/usr/lib] ==> [/usr/lib]
  collapse library dir [/usr/local/lib] ==> [/usr/local/lib]
  collapse framework dir [/Library/Frameworks/] ==> [/Library/Frameworks]
  collapse framework dir [/System/Library/Frameworks/] ==> [/System/Library/Frameworks]
  implicit libs: [/Applications/Xcode.app/Contents/Developer/Toolchains/XcodeDefault.xctoolchain/usr/lib/clang/7.0.0/lib/darwin/libclang_rt.osx.a]
  implicit dirs: [/usr/lib;/usr/local/lib]
  implicit fwks: [/Library/Frameworks;/System/Library/Frameworks]




Detecting C [-std=c11] compiler features compiled with the following output:
Change Dir: /Users/Ye-Macbook/Documents/Development/cs488/project/shared/glfw-3.1.1/CMakeFiles/CMakeTmp

Run Build Command:"/usr/bin/make" "cmTC_d6bd8/fast"
/Applications/Xcode.app/Contents/Developer/usr/bin/make -f CMakeFiles/cmTC_d6bd8.dir/build.make CMakeFiles/cmTC_d6bd8.dir/build
Building C object CMakeFiles/cmTC_d6bd8.dir/feature_tests.c.o
/Applications/Xcode.app/Contents/Developer/Toolchains/XcodeDefault.xctoolchain/usr/bin/cc    -std=c11 -o CMakeFiles/cmTC_d6bd8.dir/feature_tests.c.o   -c /Users/Ye-Macbook/Documents/Development/cs488/project/shared/glfw-3.1.1/CMakeFiles/feature_tests.c
Linking C executable cmTC_d6bd8
/opt/local/bin/cmake -E cmake_link_script CMakeFiles/cmTC_d6bd8.dir/link.txt --verbose=1
/Applications/Xcode.app/Contents/Developer/Toolchains/XcodeDefault.xctoolchain/usr/bin/cc    -Wl,-search_paths_first -Wl,-headerpad_max_install_names   CMakeFiles/cmTC_d6bd8.dir/feature_tests.c.o  -o cmTC_d6bd8  


    Feature record: C_FEATURE:1c_function_prototypes
    Feature record: C_FEATURE:1c_restrict
    Feature record: C_FEATURE:1c_static_assert
    Feature record: C_FEATURE:1c_variadic_macros


Detecting C [-std=c99] compiler features compiled with the following output:
Change Dir: /Users/Ye-Macbook/Documents/Development/cs488/project/shared/glfw-3.1.1/CMakeFiles/CMakeTmp

Run Build Command:"/usr/bin/make" "cmTC_633ce/fast"
/Applications/Xcode.app/Contents/Developer/usr/bin/make -f CMakeFiles/cmTC_633ce.dir/build.make CMakeFiles/cmTC_633ce.dir/build
Building C object CMakeFiles/cmTC_633ce.dir/feature_tests.c.o
/Applications/Xcode.app/Contents/Developer/Toolchains/XcodeDefault.xctoolchain/usr/bin/cc    -std=c99 -o CMakeFiles/cmTC_633ce.dir/feature_tests.c.o   -c /Users/Ye-Macbook/Documents/Development/cs488/project/shared/glfw-3.1.1/CMakeFiles/feature_tests.c
Linking C executable cmTC_633ce
/opt/local/bin/cmake -E cmake_link_script CMakeFiles/cmTC_633ce.dir/link.txt --verbose=1
/Applications/Xcode.app/Contents/Developer/Toolchains/XcodeDefault.xctoolchain/usr/bin/cc    -Wl,-search_paths_first -Wl,-headerpad_max_install_names   CMakeFiles/cmTC_633ce.dir/feature_tests.c.o  -o cmTC_633ce  


    Feature record: C_FEATURE:1c_function_prototypes
    Feature record: C_FEATURE:1c_restrict
    Feature record: C_FEATURE:0c_static_assert
    Feature record: C_FEATURE:1c_variadic_macros


Detecting C [-std=c90] compiler features compiled with the following output:
Change Dir: /Users/Ye-Macbook/Documents/Development/cs488/project/shared/glfw-3.1.1/CMakeFiles/CMakeTmp

Run Build Command:"/usr/bin/make" "cmTC_3b011/fast"
/Applications/Xcode.app/Contents/Developer/usr/bin/make -f CMakeFiles/cmTC_3b011.dir/build.make CMakeFiles/cmTC_3b011.dir/build
Building C object CMakeFiles/cmTC_3b011.dir/feature_tests.c.o
/Applications/Xcode.app/Contents/Developer/Toolchains/XcodeDefault.xctoolchain/usr/bin/cc    -std=c90 -o CMakeFiles/cmTC_3b011.dir/feature_tests.c.o   -c /Users/Ye-Macbook/Documents/Development/cs488/project/shared/glfw-3.1.1/CMakeFiles/feature_tests.c
Linking C executable cmTC_3b011
/opt/local/bin/cmake -E cmake_link_script CMakeFiles/cmTC_3b011.dir/link.txt --verbose=1
/Applications/Xcode.app/Contents/Developer/Toolchains/XcodeDefault.xctoolchain/usr/bin/cc    -Wl,-search_paths_first -Wl,-headerpad_max_install_names   CMakeFiles/cmTC_3b011.dir/feature_tests.c.o  -o cmTC_3b011  


    Feature record: C_FEATURE:1c_function_prototypes
    Feature record: C_FEATURE:0c_restrict
    Feature record: C_FEATURE:0c_static_assert
    Feature record: C_FEATURE:0c_variadic_macros
Determining if the include file pthread.h exists passed with the following output:
Change Dir: /Users/Ye-Macbook/Documents/Development/cs488/project/shared/glfw-3.1.1/CMakeFiles/CMakeTmp

Run Build Command:"/usr/bin/make" "cmTC_18dc1/fast"
/Applications/Xcode.app/Contents/Developer/usr/bin/make -f CMakeFiles/cmTC_18dc1.dir/build.make CMakeFiles/cmTC_18dc1.dir/build
Building C object CMakeFiles/cmTC_18dc1.dir/CheckIncludeFile.c.o
/Applications/Xcode.app/Contents/Developer/Toolchains/XcodeDefault.xctoolchain/usr/bin/cc     -o CMakeFiles/cmTC_18dc1.dir/CheckIncludeFile.c.o   -c /Users/Ye-Macbook/Documents/Development/cs488/project/shared/glfw-3.1.1/CMakeFiles/CMakeTmp/CheckIncludeFile.c
Linking C executable cmTC_18dc1
/opt/local/bin/cmake -E cmake_link_script CMakeFiles/cmTC_18dc1.dir/link.txt --verbose=1
/Applications/Xcode.app/Contents/Developer/Toolchains/XcodeDefault.xctoolchain/usr/bin/cc    -Wl,-search_paths_first -Wl,-headerpad_max_install_names   CMakeFiles/cmTC_18dc1.dir/CheckIncludeFile.c.o  -o cmTC_18dc1  


Determining if the pthread_create exist passed with the following output:
Change Dir: /Users/Ye-Macbook/Documents/Development/cs488/project/shared/glfw-3.1.1/CMakeFiles/CMakeTmp

Run Build Command:"/usr/bin/make" "cmTC_66050/fast"
/Applications/Xcode.app/Contents/Developer/usr/bin/make -f CMakeFiles/cmTC_66050.dir/build.make CMakeFiles/cmTC_66050.dir/build
Building C object CMakeFiles/cmTC_66050.dir/CheckSymbolExists.c.o
/Applications/Xcode.app/Contents/Developer/Toolchains/XcodeDefault.xctoolchain/usr/bin/cc     -o CMakeFiles/cmTC_66050.dir/CheckSymbolExists.c.o   -c /Users/Ye-Macbook/Documents/Development/cs488/project/shared/glfw-3.1.1/CMakeFiles/CMakeTmp/CheckSymbolExists.c
Linking C executable cmTC_66050
/opt/local/bin/cmake -E cmake_link_script CMakeFiles/cmTC_66050.dir/link.txt --verbose=1
/Applications/Xcode.app/Contents/Developer/Toolchains/XcodeDefault.xctoolchain/usr/bin/cc    -Wl,-search_paths_first -Wl,-headerpad_max_install_names   CMakeFiles/cmTC_66050.dir/CheckSymbolExists.c.o  -o cmTC_66050  

File /Users/Ye-Macbook/Documents/Development/cs488/project/shared/glfw-3.1.1/CMakeFiles/CMakeTmp/CheckSymbolExists.c:
/* */
#include <pthread.h>

int main(int argc, char** argv)
{
  (void)argv;
#ifndef pthread_create
  return ((int*)(&pthread_create))[argc];
#else
  (void)argc;
  return 0;
#endif
}

