Determining if the pthread_create exist failed with the following output:
Change Dir: /u2/j33ye/cs488/cs488/shared/glfw-3.1.1/build/CMakeFiles/CMakeTmp

Run Build Command:/usr/bin/make "cmTryCompileExec3878082287/fast"
/usr/bin/make -f CMakeFiles/cmTryCompileExec3878082287.dir/build.make CMakeFiles/cmTryCompileExec3878082287.dir/build
make[1]: Entering directory `/u2/j33ye/cs488/cs488/shared/glfw-3.1.1/build/CMakeFiles/CMakeTmp'
/usr/bin/cmake -E cmake_progress_report /u2/j33ye/cs488/cs488/shared/glfw-3.1.1/build/CMakeFiles/CMakeTmp/CMakeFiles 1
Building C object CMakeFiles/cmTryCompileExec3878082287.dir/CheckSymbolExists.c.o
/usr/bin/cc    -o CMakeFiles/cmTryCompileExec3878082287.dir/CheckSymbolExists.c.o   -c /u2/j33ye/cs488/cs488/shared/glfw-3.1.1/build/CMakeFiles/CMakeTmp/CheckSymbolExists.c
Linking C executable cmTryCompileExec3878082287
/usr/bin/cmake -E cmake_link_script CMakeFiles/cmTryCompileExec3878082287.dir/link.txt --verbose=1
/usr/bin/cc       CMakeFiles/cmTryCompileExec3878082287.dir/CheckSymbolExists.c.o  -o cmTryCompileExec3878082287 -rdynamic 
CMakeFiles/cmTryCompileExec3878082287.dir/CheckSymbolExists.c.o: In function `main':
CheckSymbolExists.c:(.text+0x16): undefined reference to `pthread_create'
collect2: error: ld returned 1 exit status
make[1]: *** [cmTryCompileExec3878082287] Error 1
make[1]: Leaving directory `/u2/j33ye/cs488/cs488/shared/glfw-3.1.1/build/CMakeFiles/CMakeTmp'
make: *** [cmTryCompileExec3878082287/fast] Error 2

File /u2/j33ye/cs488/cs488/shared/glfw-3.1.1/build/CMakeFiles/CMakeTmp/CheckSymbolExists.c:
/* */
#include <pthread.h>

int main(int argc, char** argv)
{
  (void)argv;
#ifndef pthread_create
  return ((int*)(&pthread_create))[argc];
#else
  (void)argc;
  return 0;
#endif
}

Determining if the function pthread_create exists in the pthreads failed with the following output:
Change Dir: /u2/j33ye/cs488/cs488/shared/glfw-3.1.1/build/CMakeFiles/CMakeTmp

Run Build Command:/usr/bin/make "cmTryCompileExec2532652391/fast"
/usr/bin/make -f CMakeFiles/cmTryCompileExec2532652391.dir/build.make CMakeFiles/cmTryCompileExec2532652391.dir/build
make[1]: Entering directory `/u2/j33ye/cs488/cs488/shared/glfw-3.1.1/build/CMakeFiles/CMakeTmp'
/usr/bin/cmake -E cmake_progress_report /u2/j33ye/cs488/cs488/shared/glfw-3.1.1/build/CMakeFiles/CMakeTmp/CMakeFiles 1
Building C object CMakeFiles/cmTryCompileExec2532652391.dir/CheckFunctionExists.c.o
/usr/bin/cc   -DCHECK_FUNCTION_EXISTS=pthread_create   -o CMakeFiles/cmTryCompileExec2532652391.dir/CheckFunctionExists.c.o   -c /usr/share/cmake-2.8/Modules/CheckFunctionExists.c
Linking C executable cmTryCompileExec2532652391
/usr/bin/cmake -E cmake_link_script CMakeFiles/cmTryCompileExec2532652391.dir/link.txt --verbose=1
/usr/bin/cc   -DCHECK_FUNCTION_EXISTS=pthread_create    CMakeFiles/cmTryCompileExec2532652391.dir/CheckFunctionExists.c.o  -o cmTryCompileExec2532652391 -rdynamic -lpthreads 
/usr/bin/ld: cannot find -lpthreads
collect2: error: ld returned 1 exit status
make[1]: Leaving directory `/u2/j33ye/cs488/cs488/shared/glfw-3.1.1/build/CMakeFiles/CMakeTmp'
make[1]: *** [cmTryCompileExec2532652391] Error 1
make: *** [cmTryCompileExec2532652391/fast] Error 2


Determining if the function glXGetProcAddressEXT exists failed with the following output:
Change Dir: /u2/j33ye/cs488/cs488/shared/glfw-3.1.1/build/CMakeFiles/CMakeTmp

Run Build Command:/usr/bin/make "cmTryCompileExec2332613336/fast"
/usr/bin/make -f CMakeFiles/cmTryCompileExec2332613336.dir/build.make CMakeFiles/cmTryCompileExec2332613336.dir/build
make[1]: Entering directory `/u2/j33ye/cs488/cs488/shared/glfw-3.1.1/build/CMakeFiles/CMakeTmp'
/usr/bin/cmake -E cmake_progress_report /u2/j33ye/cs488/cs488/shared/glfw-3.1.1/build/CMakeFiles/CMakeTmp/CMakeFiles 1
Building C object CMakeFiles/cmTryCompileExec2332613336.dir/CheckFunctionExists.c.o
/usr/bin/cc   -DCHECK_FUNCTION_EXISTS=glXGetProcAddressEXT   -o CMakeFiles/cmTryCompileExec2332613336.dir/CheckFunctionExists.c.o   -c /usr/share/cmake-2.8/Modules/CheckFunctionExists.c
Linking C executable cmTryCompileExec2332613336
/usr/bin/cmake -E cmake_link_script CMakeFiles/cmTryCompileExec2332613336.dir/link.txt --verbose=1
/usr/bin/cc   -DCHECK_FUNCTION_EXISTS=glXGetProcAddressEXT    CMakeFiles/cmTryCompileExec2332613336.dir/CheckFunctionExists.c.o  -o cmTryCompileExec2332613336 -rdynamic -lGL 
CMakeFiles/cmTryCompileExec2332613336.dir/CheckFunctionExists.c.o: In function `main':
CheckFunctionExists.c:(.text+0x15): undefined reference to `glXGetProcAddressEXT'
collect2: error: ld returned 1 exit status
make[1]: Leaving directory `/u2/j33ye/cs488/cs488/shared/glfw-3.1.1/build/CMakeFiles/CMakeTmp'
make[1]: *** [cmTryCompileExec2332613336] Error 1
make: *** [cmTryCompileExec2332613336/fast] Error 2


